<?xml version="1.0" encoding="utf-8"?>
<test-run id="2" testcasecount="8" result="Passed" total="8" passed="8" failed="0" inconclusive="0" skipped="0" asserts="0" engine-version="3.5.0.0" clr-version="4.0.30319.42000" start-time="2026-08-20 05:49:31Z" end-time="2026-08-20 05:49:33Z" duration="2.5099628">
  <test-suite type="TestSuite" id="1000" name="Card Defense" fullname="Card Defense" runstate="Runnable" testcasecount="8" result="Passed" start-time="2026-08-20 05:49:31Z" end-time="2026-08-20 05:49:33Z" duration="2.509963" total="8" passed="8" failed="0" inconclusive="0" skipped="0" asserts="0">
    <properties />
    <test-suite type="Assembly" id="1010" name="CardDefense.PlayModeTests.dll" fullname="C:/Users/dltlg/Desktop/GitHub/Card-Defense/Card_Defence/Library/ScriptAssemblies/CardDefense.PlayModeTests.dll" runstate="Runnable" testcasecount="8" result="Passed" start-time="2026-08-20 05:49:31Z" end-time="2026-08-20 05:49:33Z" duration="2.505693" total="8" passed="8" failed="0" inconclusive="0" skipped="0" asserts="0">
      <properties>
        <property name="_PID" value="19596" />
        <property name="_APPDOMAIN" value="Unity Child Domain" />
        <property name="platform" value="PlayMode" />
      </properties>
      <test-suite type="TestSuite" id="1011" name="CardDefense" fullname="CardDefense" runstate="Runnable" testcasecount="8" result="Passed" start-time="2026-08-20 05:49:31Z" end-time="2026-08-20 05:49:33Z" duration="2.491200" total="8" passed="8" failed="0" inconclusive="0" skipped="0" asserts="0">
        <properties />
        <test-suite type="TestSuite" id="1012" name="Tests" fullname="CardDefense.Tests" runstate="Runnable" testcasecount="8" result="Passed" start-time="2026-08-20 05:49:31Z" end-time="2026-08-20 05:49:33Z" duration="2.474363" total="8" passed="8" failed="0" inconclusive="0" skipped="0" asserts="0">
          <properties />
          <test-suite type="TestFixture" id="1001" name="PrototypeSceneSmokeTests" fullname="CardDefense.Tests.PrototypeSceneSmokeTests" classname="CardDefense.Tests.PrototypeSceneSmokeTests" runstate="Runnable" testcasecount="8" result="Passed" start-time="2026-08-20 05:49:31Z" end-time="2026-08-20 05:49:33Z" duration="2.456783" total="8" passed="8" failed="0" inconclusive="0" skipped="0" asserts="0">
            <properties />
            <test-case id="1005" name="ExactDuplicateCardsCannotBeConsumedByMerge" fullname="CardDefense.Tests.PrototypeSceneSmokeTests.ExactDuplicateCardsCannotBeConsumedByMerge" methodname="ExactDuplicateCardsCannotBeConsumedByMerge" classname="CardDefense.Tests.PrototypeSceneSmokeTests" runstate="Runnable" seed="1902814040" result="Passed" start-time="2026-08-20 05:49:31Z" end-time="2026-08-20 05:49:32Z" duration="0.773403" asserts="0">
              <properties>
                <property name="_JOINTYPE" value="UnityCombinatorial" />
              </properties>
            </test-case>
            <test-case id="1004" name="FiveSelectedCardsMergeIntoOneTower" fullname="CardDefense.Tests.PrototypeSceneSmokeTests.FiveSelectedCardsMergeIntoOneTower" methodname="FiveSelectedCardsMergeIntoOneTower" classname="CardDefense.Tests.PrototypeSceneSmokeTests" runstate="Runnable" seed="2050785872" result="Passed" start-time="2026-08-20 05:49:32Z" end-time="2026-08-20 05:49:32Z" duration="0.243472" asserts="0">
              <properties>
                <property name="_JOINTYPE" value="UnityCombinatorial" />
              </properties>
            </test-case>
            <test-case id="1002" name="PrototypeSceneStartsCoreSystems" fullname="CardDefense.Tests.PrototypeSceneSmokeTests.PrototypeSceneStartsCoreSystems" methodname="PrototypeSceneStartsCoreSystems" classname="CardDefense.Tests.PrototypeSceneSmokeTests" runstate="Runnable" seed="1127058634" result="Passed" start-time="2026-08-20 05:49:32Z" end-time="2026-08-20 05:49:32Z" duration="0.236067" asserts="0">
              <properties>
                <property name="_JOINTYPE" value="UnityCombinatorial" />
              </properties>
            </test-case>
            <test-case id="1003" name="SelectedTowerShowsCombatStatsAndRange" fullname="CardDefense.Tests.PrototypeSceneSmokeTests.SelectedTowerShowsCombatStatsAndRange" methodname="SelectedTowerShowsCombatStatsAndRange" classname="CardDefense.Tests.PrototypeSceneSmokeTests" runstate="Runnable" seed="534472227" result="Passed" start-time="2026-08-20 05:49:32Z" end-time="2026-08-20 05:49:32Z" duration="0.243551" asserts="0">
              <properties>
                <property name="_JOINTYPE" value="UnityCombinatorial" />
              </properties>
            </test-case>
            <test-case id="1006" name="SevenPairDisplaysSevenInsteadOfAceKicker" fullname="CardDefense.Tests.PrototypeSceneSmokeTests.SevenPairDisplaysSevenInsteadOfAceKicker" methodname="SevenPairDisplaysSevenInsteadOfAceKicker" classname="CardDefense.Tests.PrototypeSceneSmokeTests" runstate="Runnable" seed="36095120" result="Passed" start-time="2026-08-20 05:49:32Z" end-time="2026-08-20 05:49:33Z" duration="0.245025" asserts="0">
              <properties>
                <property name="_JOINTYPE" value="UnityCombinatorial" />
              </properties>
            </test-case>
            <test-case id="1009" name="SpeedControlCyclesOneTwoFourOne" fullname="CardDefense.Tests.PrototypeSceneSmokeTests.SpeedControlCyclesOneTwoFourOne" methodname="SpeedControlCyclesOneTwoFourOne" classname="CardDefense.Tests.PrototypeSceneSmokeTests" runstate="Runnable" seed="1122382285" result="Passed" start-time="2026-08-20 05:49:33Z" end-time="2026-08-20 05:49:33Z" duration="0.234959" asserts="0">
              <properties>
                <property name="_JOINTYPE" value="UnityCombinatorial" />
              </properties>
            </test-case>
            <test-case id="1007" name="SummonButtonEntersPlacementModeWithoutSpendingGold" fullname="CardDefense.Tests.PrototypeSceneSmokeTests.SummonButtonEntersPlacementModeWithoutSpendingGold" methodname="SummonButtonEntersPlacementModeWithoutSpendingGold" classname="CardDefense.Tests.PrototypeSceneSmokeTests" runstate="Runnable" seed="376898084" result="Passed" start-time="2026-08-20 05:49:33Z" end-time="2026-08-20 05:49:33Z" duration="0.224335" asserts="0">
              <properties>
                <property name="_JOINTYPE" value="UnityCombinatorial" />
              </properties>
            </test-case>
            <test-case id="1008" name="TowersCanMoveToEmptySlotsAndSwapPositions" fullname="CardDefense.Tests.PrototypeSceneSmokeTests.TowersCanMoveToEmptySlotsAndSwapPositions" methodname="TowersCanMoveToEmptySlotsAndSwapPositions" classname="CardDefense.Tests.PrototypeSceneSmokeTests" runstate="Runnable" seed="1707705585" result="Passed" start-time="2026-08-20 05:49:33Z" end-time="2026-08-20 05:49:33Z" duration="0.234025" asserts="0">
              <properties>
                <property name="_JOINTYPE" value="UnityCombinatorial" />
              </properties>
            </test-case>
          </test-suite>
        </test-suite>
      </test-suite>
    </test-suite>
  </test-suite>
</test-run>