<?xml version="1.0" encoding="utf-8"?>
<test-run id="2" testcasecount="15" result="Passed" total="15" passed="15" failed="0" inconclusive="0" skipped="0" asserts="0" engine-version="3.5.0.0" clr-version="4.0.30319.42000" start-time="2026-08-20 05:22:03Z" end-time="2026-08-20 05:22:03Z" duration="0.0644266">
  <test-suite type="TestSuite" id="1030" name="Card Defense" fullname="Card Defense" runstate="Runnable" testcasecount="15" result="Passed" start-time="2026-08-20 05:22:03Z" end-time="2026-08-20 05:22:03Z" duration="0.064427" total="15" passed="15" failed="0" inconclusive="0" skipped="0" asserts="0">
    <properties />
    <test-suite type="Assembly" id="1053" name="CardDefense.Tests.dll" fullname="C:/Users/dltlg/Desktop/GitHub/Card-Defense/Card_Defence/Library/ScriptAssemblies/CardDefense.Tests.dll" runstate="Runnable" testcasecount="15" result="Passed" start-time="2026-08-20 05:22:03Z" end-time="2026-08-20 05:22:03Z" duration="0.054660" total="15" passed="15" failed="0" inconclusive="0" skipped="0" asserts="0">
      <properties>
        <property name="_PID" value="36812" />
        <property name="_APPDOMAIN" value="Unity Child Domain" />
        <property name="platform" value="EditMode" />
      </properties>
      <test-suite type="TestSuite" id="1054" name="CardDefense" fullname="CardDefense" runstate="Runnable" testcasecount="15" result="Passed" start-time="2026-08-20 05:22:03Z" end-time="2026-08-20 05:22:03Z" duration="0.054260" total="15" passed="15" failed="0" inconclusive="0" skipped="0" asserts="0">
        <properties />
        <test-suite type="TestSuite" id="1055" name="Tests" fullname="CardDefense.Tests" runstate="Runnable" testcasecount="15" result="Passed" start-time="2026-08-20 05:22:03Z" end-time="2026-08-20 05:22:03Z" duration="0.051157" total="15" passed="15" failed="0" inconclusive="0" skipped="0" asserts="0">
          <properties />
          <test-suite type="TestFixture" id="1031" name="MonsterArchetypeRulesTests" fullname="CardDefense.Tests.MonsterArchetypeRulesTests" classname="CardDefense.Tests.MonsterArchetypeRulesTests" runstate="Runnable" testcasecount="2" result="Passed" start-time="2026-08-20 05:22:03Z" end-time="2026-08-20 05:22:03Z" duration="0.023324" total="2" passed="2" failed="0" inconclusive="0" skipped="0" asserts="0">
            <properties />
            <test-case id="1033" name="ArchetypeMultipliersCreateDistinctRoles" fullname="CardDefense.Tests.MonsterArchetypeRulesTests.ArchetypeMultipliersCreateDistinctRoles" methodname="ArchetypeMultipliersCreateDistinctRoles" classname="CardDefense.Tests.MonsterArchetypeRulesTests" runstate="Runnable" seed="1215865839" result="Passed" start-time="2026-08-20 05:22:03Z" end-time="2026-08-20 05:22:03Z" duration="0.009988" asserts="0">
              <properties />
            </test-case>
            <test-case id="1032" name="EveryTenthRoundStartsWithBoss" fullname="CardDefense.Tests.MonsterArchetypeRulesTests.EveryTenthRoundStartsWithBoss" methodname="EveryTenthRoundStartsWithBoss" classname="CardDefense.Tests.MonsterArchetypeRulesTests" runstate="Runnable" seed="2012047243" result="Passed" start-time="2026-08-20 05:22:03Z" end-time="2026-08-20 05:22:03Z" duration="0.004412" asserts="0">
              <properties />
            </test-case>
          </test-suite>
          <test-suite type="TestFixture" id="1034" name="PokerHandCombatProfileTests" fullname="CardDefense.Tests.PokerHandCombatProfileTests" classname="CardDefense.Tests.PokerHandCombatProfileTests" runstate="Runnable" testcasecount="2" result="Passed" start-time="2026-08-20 05:22:03Z" end-time="2026-08-20 05:22:03Z" duration="0.002312" total="2" passed="2" failed="0" inconclusive="0" skipped="0" asserts="0">
            <properties />
            <test-case id="1035" name="EveryPokerHandHasAValidCombatProfile" fullname="CardDefense.Tests.PokerHandCombatProfileTests.EveryPokerHandHasAValidCombatProfile" methodname="EveryPokerHandHasAValidCombatProfile" classname="CardDefense.Tests.PokerHandCombatProfileTests" runstate="Runnable" seed="804613218" result="Passed" start-time="2026-08-20 05:22:03Z" end-time="2026-08-20 05:22:03Z" duration="0.001038" asserts="0">
              <properties />
            </test-case>
            <test-case id="1036" name="SignatureHandsExposeTheirIntendedRoles" fullname="CardDefense.Tests.PokerHandCombatProfileTests.SignatureHandsExposeTheirIntendedRoles" methodname="SignatureHandsExposeTheirIntendedRoles" classname="CardDefense.Tests.PokerHandCombatProfileTests" runstate="Runnable" seed="833345350" result="Passed" start-time="2026-08-20 05:22:03Z" end-time="2026-08-20 05:22:03Z" duration="0.000222" asserts="0">
              <properties />
            </test-case>
          </test-suite>
          <test-suite type="TestFixture" id="1037" name="PokerHandEvaluatorTests" fullname="CardDefense.Tests.PokerHandEvaluatorTests" classname="CardDefense.Tests.PokerHandEvaluatorTests" runstate="Runnable" testcasecount="4" result="Passed" start-time="2026-08-20 05:22:03Z" end-time="2026-08-20 05:22:03Z" duration="0.002692" total="4" passed="4" failed="0" inconclusive="0" skipped="0" asserts="0">
            <properties />
            <test-case id="1038" name="AceCanBeLowInStraight" fullname="CardDefense.Tests.PokerHandEvaluatorTests.AceCanBeLowInStraight" methodname="AceCanBeLowInStraight" classname="CardDefense.Tests.PokerHandEvaluatorTests" runstate="Runnable" seed="1910544412" result="Passed" start-time="2026-08-20 05:22:03Z" end-time="2026-08-20 05:22:03Z" duration="0.000806" asserts="0">
              <properties />
            </test-case>
            <test-case id="1040" name="FullHouseBeatsThreeOfAKind" fullname="CardDefense.Tests.PokerHandEvaluatorTests.FullHouseBeatsThreeOfAKind" methodname="FullHouseBeatsThreeOfAKind" classname="CardDefense.Tests.PokerHandEvaluatorTests" runstate="Runnable" seed="509262960" result="Passed" start-time="2026-08-20 05:22:03Z" end-time="2026-08-20 05:22:03Z" duration="0.000183" asserts="0">
              <properties />
            </test-case>
            <test-case id="1041" name="RoyalFlushHasHigherDamageMultiplierThanStraightFlush" fullname="CardDefense.Tests.PokerHandEvaluatorTests.RoyalFlushHasHigherDamageMultiplierThanStraightFlush" methodname="RoyalFlushHasHigherDamageMultiplierThanStraightFlush" classname="CardDefense.Tests.PokerHandEvaluatorTests" runstate="Runnable" seed="119753641" result="Passed" start-time="2026-08-20 05:22:03Z" end-time="2026-08-20 05:22:03Z" duration="0.000212" asserts="0">
              <properties />
            </test-case>
            <test-case id="1039" name="TenToAceSameSuitIsRoyalStraightFlush" fullname="CardDefense.Tests.PokerHandEvaluatorTests.TenToAceSameSuitIsRoyalStraightFlush" methodname="TenToAceSameSuitIsRoyalStraightFlush" classname="CardDefense.Tests.PokerHandEvaluatorTests" runstate="Runnable" seed="1110217208" result="Passed" start-time="2026-08-20 05:22:03Z" end-time="2026-08-20 05:22:03Z" duration="0.000159" asserts="0">
              <properties />
            </test-case>
          </test-suite>
          <test-suite type="TestFixture" id="1042" name="PokerMergeRulesTests" fullname="CardDefense.Tests.PokerMergeRulesTests" classname="CardDefense.Tests.PokerMergeRulesTests" runstate="Runnable" testcasecount="2" result="Passed" start-time="2026-08-20 05:22:03Z" end-time="2026-08-20 05:22:03Z" duration="0.002684" total="2" passed="2" failed="0" inconclusive="0" skipped="0" asserts="0">
            <properties />
            <test-case id="1044" name="SameRankWithDifferentSuitCanMerge" fullname="CardDefense.Tests.PokerMergeRulesTests.SameRankWithDifferentSuitCanMerge" methodname="SameRankWithDifferentSuitCanMerge" classname="CardDefense.Tests.PokerMergeRulesTests" runstate="Runnable" seed="1776748235" result="Passed" start-time="2026-08-20 05:22:03Z" end-time="2026-08-20 05:22:03Z" duration="0.000580" asserts="0">
              <properties />
            </test-case>
            <test-case id="1043" name="SameSuitAndRankBlocksMerge" fullname="CardDefense.Tests.PokerMergeRulesTests.SameSuitAndRankBlocksMerge" methodname="SameSuitAndRankBlocksMerge" classname="CardDefense.Tests.PokerMergeRulesTests" runstate="Runnable" seed="708981733" result="Passed" start-time="2026-08-20 05:22:03Z" end-time="2026-08-20 05:22:03Z" duration="0.000170" asserts="0">
              <properties />
            </test-case>
          </test-suite>
          <test-suite type="TestFixture" id="1045" name="PokerProbabilitySimulatorTests" fullname="CardDefense.Tests.PokerProbabilitySimulatorTests" classname="CardDefense.Tests.PokerProbabilitySimulatorTests" runstate="Runnable" testcasecount="2" result="Passed" start-time="2026-08-20 05:22:03Z" end-time="2026-08-20 05:22:03Z" duration="0.009683" total="2" passed="2" failed="0" inconclusive="0" skipped="0" asserts="0">
            <properties />
            <test-case id="1047" name="SameSeedProducesSameDistribution" fullname="CardDefense.Tests.PokerProbabilitySimulatorTests.SameSeedProducesSameDistribution" methodname="SameSeedProducesSameDistribution" classname="CardDefense.Tests.PokerProbabilitySimulatorTests" runstate="Runnable" seed="1019133739" result="Passed" start-time="2026-08-20 05:22:03Z" end-time="2026-08-20 05:22:03Z" duration="0.003232" asserts="0">
              <properties />
            </test-case>
            <test-case id="1046" name="SimulationCountsEveryMergeExactlyOnce" fullname="CardDefense.Tests.PokerProbabilitySimulatorTests.SimulationCountsEveryMergeExactlyOnce" methodname="SimulationCountsEveryMergeExactlyOnce" classname="CardDefense.Tests.PokerProbabilitySimulatorTests" runstate="Runnable" seed="324786645" result="Passed" start-time="2026-08-20 05:22:03Z" end-time="2026-08-20 05:22:03Z" duration="0.002638" asserts="0">
              <properties />
            </test-case>
          </test-suite>
          <test-suite type="TestFixture" id="1048" name="PokerProgressionServiceTests" fullname="CardDefense.Tests.PokerProgressionServiceTests" classname="CardDefense.Tests.PokerProgressionServiceTests" runstate="Runnable" testcasecount="1" result="Passed" start-time="2026-08-20 05:22:03Z" end-time="2026-08-20 05:22:03Z" duration="0.001684" total="1" passed="1" failed="0" inconclusive="0" skipped="0" asserts="0">
            <properties />
            <test-case id="1049" name="UpgradeConsumesGoldAndRaisesDamageWithoutLevelLimit" fullname="CardDefense.Tests.PokerProgressionServiceTests.UpgradeConsumesGoldAndRaisesDamageWithoutLevelLimit" methodname="UpgradeConsumesGoldAndRaisesDamageWithoutLevelLimit" classname="CardDefense.Tests.PokerProgressionServiceTests" runstate="Runnable" seed="817437376" result="Passed" start-time="2026-08-20 05:22:03Z" end-time="2026-08-20 05:22:03Z" duration="0.000982" asserts="0">
              <properties />
            </test-case>
          </test-suite>
          <test-suite type="TestFixture" id="1050" name="RoundBalanceCalculatorTests" fullname="CardDefense.Tests.RoundBalanceCalculatorTests" classname="CardDefense.Tests.RoundBalanceCalculatorTests" runstate="Runnable" testcasecount="2" result="Passed" start-time="2026-08-20 05:22:03Z" end-time="2026-08-20 05:22:03Z" duration="0.003852" total="2" passed="2" failed="0" inconclusive="0" skipped="0" asserts="0">
            <properties />
            <test-case id="1051" name="FirstRoundMatchesConfiguredEconomyAndHealth" fullname="CardDefense.Tests.RoundBalanceCalculatorTests.FirstRoundMatchesConfiguredEconomyAndHealth" methodname="FirstRoundMatchesConfiguredEconomyAndHealth" classname="CardDefense.Tests.RoundBalanceCalculatorTests" runstate="Runnable" seed="1986902621" result="Passed" start-time="2026-08-20 05:22:03Z" end-time="2026-08-20 05:22:03Z" duration="0.001175" asserts="0">
              <properties />
            </test-case>
            <test-case id="1052" name="TenthMilestoneRaisesHealthAbovePureRoundGrowth" fullname="CardDefense.Tests.RoundBalanceCalculatorTests.TenthMilestoneRaisesHealthAbovePureRoundGrowth" methodname="TenthMilestoneRaisesHealthAbovePureRoundGrowth" classname="CardDefense.Tests.RoundBalanceCalculatorTests" runstate="Runnable" seed="1240535860" result="Passed" start-time="2026-08-20 05:22:03Z" end-time="2026-08-20 05:22:03Z" duration="0.000252" asserts="0">
              <properties />
            </test-case>
          </test-suite>
        </test-suite>
      </test-suite>
    </test-suite>
  </test-suite>
</test-run>